{"/home/developer/Odin_project/Javascript/Battleship/src/gameboard.ts": {"path":"/home/developer/Odin_project/Javascript/Battleship/src/gameboard.ts","statementMap":{"0":{"start":{"line":2,"column":0},"end":{"line":2,"column":40}},"1":{"start":{"line":4,"column":0},"end":{"line":89,"column":0}},"2":{"start":{"line":5,"column":2},"end":{"line":17,"column":3}},"3":{"start":{"line":6,"column":24},"end":{"line":6,"column":26}},"4":{"start":{"line":10,"column":4},"end":{"line":14,"column":5}},"5":{"start":{"line":11,"column":6},"end":{"line":13,"column":7}},"6":{"start":{"line":12,"column":8},"end":{"line":12,"column":33}},"7":{"start":{"line":16,"column":4},"end":{"line":16,"column":16}},"8":{"start":{"line":19,"column":2},"end":{"line":57,"column":3}},"9":{"start":{"line":19,"column":2},"end":{"line":57,"column":2}},"10":{"start":{"line":20,"column":24},"end":{"line":20,"column":41}},"11":{"start":{"line":21,"column":35},"end":{"line":21,"column":71}},"12":{"start":{"line":23,"column":4},"end":{"line":51,"column":7}},"13":{"start":{"line":24,"column":32},"end":{"line":24,"column":61}},"14":{"start":{"line":26,"column":6},"end":{"line":28,"column":9}},"15":{"start":{"line":27,"column":8},"end":{"line":27,"column":16}},"16":{"start":{"line":30,"column":6},"end":{"line":32,"column":9}},"17":{"start":{"line":31,"column":8},"end":{"line":31,"column":21}},"18":{"start":{"line":34,"column":6},"end":{"line":36,"column":9}},"19":{"start":{"line":35,"column":8},"end":{"line":35,"column":16}},"20":{"start":{"line":38,"column":6},"end":{"line":40,"column":9}},"21":{"start":{"line":39,"column":8},"end":{"line":39,"column":28}},"22":{"start":{"line":42,"column":6},"end":{"line":44,"column":9}},"23":{"start":{"line":43,"column":8},"end":{"line":43,"column":30}},"24":{"start":{"line":46,"column":6},"end":{"line":46,"column":46}},"25":{"start":{"line":47,"column":6},"end":{"line":47,"column":35}},"26":{"start":{"line":48,"column":6},"end":{"line":48,"column":28}},"27":{"start":{"line":50,"column":6},"end":{"line":50,"column":34}},"28":{"start":{"line":53,"column":4},"end":{"line":53,"column":51}},"29":{"start":{"line":54,"column":4},"end":{"line":54,"column":53}},"30":{"start":{"line":56,"column":4},"end":{"line":56,"column":21}},"31":{"start":{"line":59,"column":2},"end":{"line":63,"column":3}},"32":{"start":{"line":60,"column":21},"end":{"line":60,"column":52}},"33":{"start":{"line":62,"column":4},"end":{"line":62,"column":35}},"34":{"start":{"line":65,"column":2},"end":{"line":88,"column":3}},"35":{"start":{"line":66,"column":34},"end":{"line":66,"column":70}},"36":{"start":{"line":68,"column":16},"end":{"line":68,"column":38}},"37":{"start":{"line":71,"column":4},"end":{"line":73,"column":5}},"38":{"start":{"line":72,"column":6},"end":{"line":72,"column":74}},"39":{"start":{"line":75,"column":4},"end":{"line":87,"column":5}},"40":{"start":{"line":76,"column":6},"end":{"line":76,"column":26}},"41":{"start":{"line":77,"column":6},"end":{"line":77,"column":41}},"42":{"start":{"line":79,"column":6},"end":{"line":83,"column":7}},"43":{"start":{"line":80,"column":8},"end":{"line":80,"column":40}},"44":{"start":{"line":82,"column":8},"end":{"line":82,"column":48}},"45":{"start":{"line":86,"column":6},"end":{"line":86,"column":29}},"46":{"start":{"line":89,"column":0},"end":{"line":89,"column":1}},"47":{"start":{"line":4,"column":13},"end":{"line":4,"column":22}},"48":{"start":{"line":92,"column":2},"end":{"line":92,"column":21}},"49":{"start":{"line":91,"column":0},"end":{"line":93,"column":1}},"50":{"start":{"line":96,"column":2},"end":{"line":96,"column":21}},"51":{"start":{"line":97,"column":15},"end":{"line":97,"column":50}},"52":{"start":{"line":98,"column":21},"end":{"line":98,"column":50}},"53":{"start":{"line":99,"column":21},"end":{"line":99,"column":32}},"54":{"start":{"line":100,"column":19},"end":{"line":100,"column":72}},"55":{"start":{"line":101,"column":12},"end":{"line":101,"column":33}},"56":{"start":{"line":102,"column":12},"end":{"line":102,"column":53}},"57":{"start":{"line":107,"column":2},"end":{"line":115,"column":3}},"58":{"start":{"line":108,"column":4},"end":{"line":108,"column":37}},"59":{"start":{"line":109,"column":4},"end":{"line":109,"column":48}},"60":{"start":{"line":110,"column":4},"end":{"line":110,"column":38}},"61":{"start":{"line":112,"column":4},"end":{"line":112,"column":26}},"62":{"start":{"line":113,"column":4},"end":{"line":113,"column":36}},"63":{"start":{"line":114,"column":4},"end":{"line":114,"column":27}},"64":{"start":{"line":117,"column":2},"end":{"line":135,"column":3}},"65":{"start":{"line":118,"column":4},"end":{"line":125,"column":5}},"66":{"start":{"line":119,"column":6},"end":{"line":124,"column":7}},"67":{"start":{"line":120,"column":23},"end":{"line":120,"column":28}},"68":{"start":{"line":122,"column":8},"end":{"line":123,"column":64}},"69":{"start":{"line":127,"column":4},"end":{"line":134,"column":5}},"70":{"start":{"line":128,"column":6},"end":{"line":133,"column":7}},"71":{"start":{"line":129,"column":23},"end":{"line":129,"column":28}},"72":{"start":{"line":131,"column":8},"end":{"line":132,"column":64}},"73":{"start":{"line":137,"column":2},"end":{"line":137,"column":29}},"74":{"start":{"line":95,"column":0},"end":{"line":138,"column":1}},"75":{"start":{"line":141,"column":2},"end":{"line":141,"column":70}},"76":{"start":{"line":140,"column":0},"end":{"line":142,"column":1}},"77":{"start":{"line":145,"column":18},"end":{"line":145,"column":88}},"78":{"start":{"line":146,"column":21},"end":{"line":146,"column":32}},"79":{"start":{"line":147,"column":12},"end":{"line":147,"column":33}},"80":{"start":{"line":148,"column":12},"end":{"line":148,"column":53}},"81":{"start":{"line":150,"column":2},"end":{"line":172,"column":3}},"82":{"start":{"line":151,"column":4},"end":{"line":160,"column":5}},"83":{"start":{"line":152,"column":6},"end":{"line":159,"column":7}},"84":{"start":{"line":153,"column":23},"end":{"line":153,"column":28}},"85":{"start":{"line":155,"column":8},"end":{"line":156,"column":100}},"86":{"start":{"line":157,"column":8},"end":{"line":158,"column":54}},"87":{"start":{"line":162,"column":4},"end":{"line":171,"column":5}},"88":{"start":{"line":163,"column":6},"end":{"line":170,"column":7}},"89":{"start":{"line":164,"column":23},"end":{"line":164,"column":28}},"90":{"start":{"line":166,"column":8},"end":{"line":167,"column":100}},"91":{"start":{"line":168,"column":8},"end":{"line":169,"column":56}},"92":{"start":{"line":144,"column":0},"end":{"line":173,"column":1}},"93":{"start":{"line":176,"column":2},"end":{"line":194,"column":3}},"94":{"start":{"line":177,"column":4},"end":{"line":193,"column":5}},"95":{"start":{"line":178,"column":23},"end":{"line":178,"column":87}},"96":{"start":{"line":179,"column":23},"end":{"line":179,"column":58}},"97":{"start":{"line":181,"column":6},"end":{"line":184,"column":7}},"98":{"start":{"line":182,"column":8},"end":{"line":182,"column":44}},"99":{"start":{"line":183,"column":8},"end":{"line":183,"column":20}},"100":{"start":{"line":186,"column":23},"end":{"line":186,"column":87}},"101":{"start":{"line":187,"column":23},"end":{"line":187,"column":58}},"102":{"start":{"line":189,"column":6},"end":{"line":192,"column":7}},"103":{"start":{"line":190,"column":8},"end":{"line":190,"column":44}},"104":{"start":{"line":191,"column":8},"end":{"line":191,"column":20}},"105":{"start":{"line":175,"column":0},"end":{"line":195,"column":1}},"106":{"start":{"line":198,"column":2},"end":{"line":214,"column":3}},"107":{"start":{"line":199,"column":4},"end":{"line":213,"column":5}},"108":{"start":{"line":200,"column":23},"end":{"line":200,"column":83}},"109":{"start":{"line":201,"column":23},"end":{"line":201,"column":58}},"110":{"start":{"line":203,"column":6},"end":{"line":205,"column":7}},"111":{"start":{"line":204,"column":8},"end":{"line":204,"column":20}},"112":{"start":{"line":207,"column":23},"end":{"line":207,"column":83}},"113":{"start":{"line":208,"column":23},"end":{"line":208,"column":58}},"114":{"start":{"line":210,"column":6},"end":{"line":212,"column":7}},"115":{"start":{"line":211,"column":8},"end":{"line":211,"column":20}},"116":{"start":{"line":197,"column":0},"end":{"line":215,"column":1}},"117":{"start":{"line":218,"column":2},"end":{"line":236,"column":3}},"118":{"start":{"line":219,"column":4},"end":{"line":235,"column":5}},"119":{"start":{"line":220,"column":23},"end":{"line":220,"column":83}},"120":{"start":{"line":221,"column":23},"end":{"line":221,"column":58}},"121":{"start":{"line":223,"column":6},"end":{"line":226,"column":7}},"122":{"start":{"line":224,"column":8},"end":{"line":224,"column":49}},"123":{"start":{"line":225,"column":8},"end":{"line":225,"column":20}},"124":{"start":{"line":228,"column":23},"end":{"line":228,"column":83}},"125":{"start":{"line":229,"column":23},"end":{"line":229,"column":58}},"126":{"start":{"line":231,"column":6},"end":{"line":234,"column":7}},"127":{"start":{"line":232,"column":8},"end":{"line":232,"column":49}},"128":{"start":{"line":233,"column":8},"end":{"line":233,"column":20}},"129":{"start":{"line":217,"column":0},"end":{"line":237,"column":1}},"130":{"start":{"line":240,"column":2},"end":{"line":244,"column":3}},"131":{"start":{"line":241,"column":4},"end":{"line":241,"column":36}},"132":{"start":{"line":243,"column":4},"end":{"line":243,"column":44}},"133":{"start":{"line":239,"column":0},"end":{"line":245,"column":1}}},"fnMap":{"0":{"name":"(anonymous_1)","decl":{"start":{"line":4,"column":0},"end":{"line":null,"column":-1}},"loc":{"start":{"line":4,"column":0},"end":{"line":4,"column":-1}}},"1":{"name":"(anonymous_3)","decl":{"start":{"line":5,"column":2},"end":{"line":null,"column":-1}},"loc":{"start":{"line":5,"column":2},"end":{"line":17,"column":3}}},"2":{"name":"(anonymous_4)","decl":{"start":{"line":19,"column":2},"end":{"line":null,"column":-1}},"loc":{"start":{"line":19,"column":2},"end":{"line":57,"column":3}}},"3":{"name":"(anonymous_5)","decl":{"start":{"line":23,"column":17},"end":{"line":23,"column":17}},"loc":{"start":{"line":23,"column":46},"end":{"line":51,"column":5}}},"4":{"name":"(anonymous_6)","decl":{"start":{"line":26,"column":36},"end":{"line":26,"column":36}},"loc":{"start":{"line":26,"column":43},"end":{"line":28,"column":7}}},"5":{"name":"(anonymous_7)","decl":{"start":{"line":30,"column":40},"end":{"line":30,"column":40}},"loc":{"start":{"line":30,"column":47},"end":{"line":32,"column":7}}},"6":{"name":"(anonymous_8)","decl":{"start":{"line":34,"column":41},"end":{"line":34,"column":41}},"loc":{"start":{"line":34,"column":48},"end":{"line":36,"column":7}}},"7":{"name":"(anonymous_9)","decl":{"start":{"line":38,"column":40},"end":{"line":38,"column":40}},"loc":{"start":{"line":38,"column":47},"end":{"line":40,"column":7}}},"8":{"name":"(anonymous_10)","decl":{"start":{"line":42,"column":37},"end":{"line":42,"column":37}},"loc":{"start":{"line":42,"column":44},"end":{"line":44,"column":7}}},"9":{"name":"(anonymous_11)","decl":{"start":{"line":59,"column":2},"end":{"line":59,"column":6}},"loc":{"start":{"line":59,"column":21},"end":{"line":63,"column":3}}},"10":{"name":"(anonymous_12)","decl":{"start":{"line":65,"column":2},"end":{"line":65,"column":15}},"loc":{"start":{"line":65,"column":22},"end":{"line":88,"column":3}}},"11":{"name":"allowDrop","decl":{"start":{"line":91,"column":0},"end":{"line":91,"column":25}},"loc":{"start":{"line":91,"column":34},"end":{"line":93,"column":1}}},"12":{"name":"drop","decl":{"start":{"line":95,"column":0},"end":{"line":95,"column":20}},"loc":{"start":{"line":95,"column":27},"end":{"line":138,"column":1}}},"13":{"name":"drag","decl":{"start":{"line":140,"column":0},"end":{"line":140,"column":20}},"loc":{"start":{"line":140,"column":27},"end":{"line":142,"column":1}}},"14":{"name":"change_direction","decl":{"start":{"line":144,"column":0},"end":{"line":144,"column":32}},"loc":{"start":{"line":144,"column":39},"end":{"line":173,"column":1}}},"15":{"name":"check_collision","decl":{"start":{"line":175,"column":0},"end":{"line":175,"column":31}},"loc":{"start":{"line":175,"column":63},"end":{"line":195,"column":1}}},"16":{"name":"preventOutOfBounds","decl":{"start":{"line":197,"column":0},"end":{"line":197,"column":34}},"loc":{"start":{"line":197,"column":66},"end":{"line":215,"column":1}}},"17":{"name":"illegalPlacement","decl":{"start":{"line":217,"column":0},"end":{"line":217,"column":32}},"loc":{"start":{"line":217,"column":64},"end":{"line":237,"column":1}}},"18":{"name":"unFocus","decl":{"start":{"line":239,"column":0},"end":{"line":null,"column":-1}},"loc":{"start":{"line":239,"column":0},"end":{"line":245,"column":1}}}},"branchMap":{"0":{"loc":{"start":{"line":71,"column":4},"end":{"line":73,"column":5}},"type":"if","locations":[{"start":{"line":71,"column":4},"end":{"line":73,"column":5}},{"start":{"line":71,"column":4},"end":{"line":73,"column":5}}]},"1":{"loc":{"start":{"line":75,"column":4},"end":{"line":87,"column":5}},"type":"if","locations":[{"start":{"line":75,"column":4},"end":{"line":87,"column":5}},{"start":{"line":75,"column":4},"end":{"line":87,"column":5}}]},"2":{"loc":{"start":{"line":107,"column":2},"end":{"line":115,"column":3}},"type":"if","locations":[{"start":{"line":107,"column":2},"end":{"line":115,"column":3}},{"start":{"line":107,"column":2},"end":{"line":115,"column":3}}]},"3":{"loc":{"start":{"line":117,"column":2},"end":{"line":135,"column":3}},"type":"if","locations":[{"start":{"line":117,"column":2},"end":{"line":135,"column":3}},{"start":{"line":117,"column":2},"end":{"line":135,"column":3}}]},"4":{"loc":{"start":{"line":118,"column":4},"end":{"line":125,"column":5}},"type":"if","locations":[{"start":{"line":118,"column":4},"end":{"line":125,"column":5}},{"start":{"line":118,"column":4},"end":{"line":125,"column":5}}]},"5":{"loc":{"start":{"line":118,"column":8},"end":{"line":118,"column":46}},"type":"binary-expr","locations":[{"start":{"line":118,"column":8},"end":{"line":118,"column":46}},{"start":{"line":118,"column":50},"end":{"line":118,"column":86}}]},"6":{"loc":{"start":{"line":127,"column":4},"end":{"line":134,"column":5}},"type":"if","locations":[{"start":{"line":127,"column":4},"end":{"line":134,"column":5}},{"start":{"line":127,"column":4},"end":{"line":134,"column":5}}]},"7":{"loc":{"start":{"line":127,"column":8},"end":{"line":127,"column":46}},"type":"binary-expr","locations":[{"start":{"line":127,"column":8},"end":{"line":127,"column":46}},{"start":{"line":127,"column":50},"end":{"line":127,"column":86}}]},"8":{"loc":{"start":{"line":150,"column":2},"end":{"line":172,"column":3}},"type":"if","locations":[{"start":{"line":150,"column":2},"end":{"line":172,"column":3}},{"start":{"line":150,"column":2},"end":{"line":172,"column":3}}]},"9":{"loc":{"start":{"line":151,"column":4},"end":{"line":160,"column":5}},"type":"if","locations":[{"start":{"line":151,"column":4},"end":{"line":160,"column":5}},{"start":{"line":151,"column":4},"end":{"line":160,"column":5}}]},"10":{"loc":{"start":{"line":151,"column":8},"end":{"line":151,"column":42}},"type":"binary-expr","locations":[{"start":{"line":151,"column":8},"end":{"line":151,"column":42}},{"start":{"line":151,"column":46},"end":{"line":151,"column":77}}]},"11":{"loc":{"start":{"line":162,"column":4},"end":{"line":171,"column":5}},"type":"if","locations":[{"start":{"line":162,"column":4},"end":{"line":171,"column":5}},{"start":{"line":162,"column":4},"end":{"line":171,"column":5}}]},"12":{"loc":{"start":{"line":162,"column":8},"end":{"line":162,"column":42}},"type":"binary-expr","locations":[{"start":{"line":162,"column":8},"end":{"line":162,"column":42}},{"start":{"line":162,"column":46},"end":{"line":162,"column":77}}]},"13":{"loc":{"start":{"line":177,"column":4},"end":{"line":193,"column":5}},"type":"if","locations":[{"start":{"line":177,"column":4},"end":{"line":193,"column":5}},{"start":{"line":177,"column":4},"end":{"line":193,"column":5}}]},"14":{"loc":{"start":{"line":181,"column":6},"end":{"line":184,"column":7}},"type":"if","locations":[{"start":{"line":181,"column":6},"end":{"line":184,"column":7}},{"start":{"line":181,"column":6},"end":{"line":184,"column":7}}]},"15":{"loc":{"start":{"line":189,"column":6},"end":{"line":192,"column":7}},"type":"if","locations":[{"start":{"line":189,"column":6},"end":{"line":192,"column":7}},{"start":{"line":189,"column":6},"end":{"line":192,"column":7}}]},"16":{"loc":{"start":{"line":199,"column":4},"end":{"line":213,"column":5}},"type":"if","locations":[{"start":{"line":199,"column":4},"end":{"line":213,"column":5}},{"start":{"line":199,"column":4},"end":{"line":213,"column":5}}]},"17":{"loc":{"start":{"line":203,"column":6},"end":{"line":205,"column":7}},"type":"if","locations":[{"start":{"line":203,"column":6},"end":{"line":205,"column":7}},{"start":{"line":203,"column":6},"end":{"line":205,"column":7}}]},"18":{"loc":{"start":{"line":210,"column":6},"end":{"line":212,"column":7}},"type":"if","locations":[{"start":{"line":210,"column":6},"end":{"line":212,"column":7}},{"start":{"line":210,"column":6},"end":{"line":212,"column":7}}]},"19":{"loc":{"start":{"line":219,"column":4},"end":{"line":235,"column":5}},"type":"if","locations":[{"start":{"line":219,"column":4},"end":{"line":235,"column":5}},{"start":{"line":219,"column":4},"end":{"line":235,"column":5}}]},"20":{"loc":{"start":{"line":223,"column":6},"end":{"line":226,"column":7}},"type":"if","locations":[{"start":{"line":223,"column":6},"end":{"line":226,"column":7}},{"start":{"line":223,"column":6},"end":{"line":226,"column":7}}]},"21":{"loc":{"start":{"line":231,"column":6},"end":{"line":234,"column":7}},"type":"if","locations":[{"start":{"line":231,"column":6},"end":{"line":234,"column":7}},{"start":{"line":231,"column":6},"end":{"line":234,"column":7}}]},"22":{"loc":{"start":{"line":240,"column":2},"end":{"line":244,"column":3}},"type":"if","locations":[{"start":{"line":240,"column":2},"end":{"line":244,"column":3}},{"start":{"line":240,"column":2},"end":{"line":244,"column":3}}]}},"s":{"0":1,"1":1,"2":1,"3":2,"4":2,"5":20,"6":200,"7":2,"8":1,"9":1,"10":1,"11":1,"12":1,"13":100,"14":100,"15":0,"16":100,"17":0,"18":100,"19":0,"20":100,"21":0,"22":100,"23":0,"24":100,"25":100,"26":100,"27":100,"28":1,"29":1,"30":1,"31":1,"32":0,"33":0,"34":1,"35":0,"36":0,"37":0,"38":0,"39":0,"40":0,"41":0,"42":0,"43":0,"44":0,"45":0,"46":1,"47":1,"48":0,"49":1,"50":0,"51":0,"52":0,"53":0,"54":0,"55":0,"56":0,"57":0,"58":0,"59":0,"60":0,"61":0,"62":0,"63":0,"64":0,"65":0,"66":0,"67":0,"68":0,"69":0,"70":0,"71":0,"72":0,"73":0,"74":1,"75":0,"76":1,"77":0,"78":0,"79":0,"80":0,"81":0,"82":0,"83":0,"84":0,"85":0,"86":0,"87":0,"88":0,"89":0,"90":0,"91":0,"92":1,"93":0,"94":0,"95":0,"96":0,"97":0,"98":0,"99":0,"100":0,"101":0,"102":0,"103":0,"104":0,"105":1,"106":0,"107":0,"108":0,"109":0,"110":0,"111":0,"112":0,"113":0,"114":0,"115":0,"116":1,"117":0,"118":0,"119":0,"120":0,"121":0,"122":0,"123":0,"124":0,"125":0,"126":0,"127":0,"128":0,"129":1,"130":0,"131":0,"132":0,"133":1},"f":{"0":4,"1":2,"2":1,"3":100,"4":0,"5":0,"6":0,"7":0,"8":0,"9":0,"10":0,"11":0,"12":0,"13":0,"14":0,"15":0,"16":0,"17":0,"18":0},"b":{"0":[0,0],"1":[0,0],"2":[0,0],"3":[0,0],"4":[0,0],"5":[0,0],"6":[0,0],"7":[0,0],"8":[0,0],"9":[0,0],"10":[0,0],"11":[0,0],"12":[0,0],"13":[0,0],"14":[0,0],"15":[0,0],"16":[0,0],"17":[0,0],"18":[0,0],"19":[0,0],"20":[0,0],"21":[0,0],"22":[0,0]}}
,"/home/developer/Odin_project/Javascript/Battleship/src/ship.ts": {"path":"/home/developer/Odin_project/Javascript/Battleship/src/ship.ts","statementMap":{"0":{"start":{"line":1,"column":0},"end":{"line":95,"column":0}},"1":{"start":{"line":7,"column":4},"end":{"line":7,"column":25}},"2":{"start":{"line":8,"column":4},"end":{"line":8,"column":25}},"3":{"start":{"line":9,"column":4},"end":{"line":9,"column":22}},"4":{"start":{"line":12,"column":2},"end":{"line":35,"column":3}},"5":{"start":{"line":13,"column":4},"end":{"line":15,"column":5}},"6":{"start":{"line":14,"column":6},"end":{"line":14,"column":22}},"7":{"start":{"line":17,"column":4},"end":{"line":22,"column":5}},"8":{"start":{"line":21,"column":6},"end":{"line":21,"column":25}},"9":{"start":{"line":24,"column":4},"end":{"line":26,"column":5}},"10":{"start":{"line":25,"column":6},"end":{"line":25,"column":25}},"11":{"start":{"line":28,"column":4},"end":{"line":30,"column":5}},"12":{"start":{"line":29,"column":6},"end":{"line":29,"column":26}},"13":{"start":{"line":32,"column":4},"end":{"line":34,"column":5}},"14":{"start":{"line":33,"column":6},"end":{"line":33,"column":23}},"15":{"start":{"line":37,"column":2},"end":{"line":42,"column":3}},"16":{"start":{"line":38,"column":21},"end":{"line":38,"column":52}},"17":{"start":{"line":40,"column":4},"end":{"line":40,"column":34}},"18":{"start":{"line":41,"column":4},"end":{"line":41,"column":34}},"19":{"start":{"line":44,"column":2},"end":{"line":48,"column":3}},"20":{"start":{"line":45,"column":4},"end":{"line":47,"column":5}},"21":{"start":{"line":46,"column":6},"end":{"line":46,"column":23}},"22":{"start":{"line":50,"column":2},"end":{"line":58,"column":3}},"23":{"start":{"line":51,"column":27},"end":{"line":51,"column":29}},"24":{"start":{"line":53,"column":4},"end":{"line":55,"column":5}},"25":{"start":{"line":54,"column":6},"end":{"line":54,"column":22}},"26":{"start":{"line":57,"column":4},"end":{"line":57,"column":16}},"27":{"start":{"line":60,"column":2},"end":{"line":94,"column":3}},"28":{"start":{"line":60,"column":2},"end":{"line":94,"column":2}},"29":{"start":{"line":61,"column":27},"end":{"line":61,"column":44}},"30":{"start":{"line":62,"column":39},"end":{"line":62,"column":82}},"31":{"start":{"line":64,"column":4},"end":{"line":77,"column":7}},"32":{"start":{"line":65,"column":35},"end":{"line":65,"column":64}},"33":{"start":{"line":67,"column":6},"end":{"line":67,"column":48}},"34":{"start":{"line":68,"column":6},"end":{"line":68,"column":52}},"35":{"start":{"line":69,"column":6},"end":{"line":69,"column":59}},"36":{"start":{"line":70,"column":6},"end":{"line":70,"column":58}},"37":{"start":{"line":72,"column":6},"end":{"line":72,"column":36}},"38":{"start":{"line":73,"column":6},"end":{"line":73,"column":41}},"39":{"start":{"line":74,"column":6},"end":{"line":74,"column":47}},"40":{"start":{"line":76,"column":6},"end":{"line":76,"column":41}},"41":{"start":{"line":79,"column":4},"end":{"line":85,"column":7}},"42":{"start":{"line":80,"column":19},"end":{"line":80,"column":41}},"43":{"start":{"line":82,"column":6},"end":{"line":84,"column":7}},"44":{"start":{"line":83,"column":8},"end":{"line":83,"column":53}},"45":{"start":{"line":87,"column":4},"end":{"line":87,"column":63}},"46":{"start":{"line":89,"column":4},"end":{"line":91,"column":7}},"47":{"start":{"line":90,"column":6},"end":{"line":90,"column":14}},"48":{"start":{"line":93,"column":4},"end":{"line":93,"column":25}},"49":{"start":{"line":95,"column":0},"end":{"line":95,"column":1}},"50":{"start":{"line":1,"column":13},"end":{"line":1,"column":17}},"51":{"start":{"line":98,"column":2},"end":{"line":98,"column":62}},"52":{"start":{"line":97,"column":0},"end":{"line":99,"column":1}}},"fnMap":{"0":{"name":"(anonymous_0)","decl":{"start":{"line":1,"column":0},"end":{"line":null,"column":-1}},"loc":{"start":{"line":1,"column":0},"end":{"line":1,"column":-1}}},"1":{"name":"Ship","decl":{"start":{"line":6,"column":2},"end":{"line":6,"column":13}},"loc":{"start":{"line":6,"column":28},"end":{"line":10,"column":3}}},"2":{"name":"(anonymous_2)","decl":{"start":{"line":12,"column":2},"end":{"line":null,"column":-1}},"loc":{"start":{"line":12,"column":2},"end":{"line":35,"column":3}}},"3":{"name":"(anonymous_3)","decl":{"start":{"line":37,"column":2},"end":{"line":37,"column":5}},"loc":{"start":{"line":37,"column":20},"end":{"line":42,"column":3}}},"4":{"name":"(anonymous_4)","decl":{"start":{"line":44,"column":2},"end":{"line":null,"column":-1}},"loc":{"start":{"line":44,"column":2},"end":{"line":48,"column":3}}},"5":{"name":"(anonymous_5)","decl":{"start":{"line":50,"column":2},"end":{"line":null,"column":-1}},"loc":{"start":{"line":50,"column":2},"end":{"line":58,"column":3}}},"6":{"name":"(anonymous_6)","decl":{"start":{"line":60,"column":2},"end":{"line":null,"column":-1}},"loc":{"start":{"line":60,"column":2},"end":{"line":94,"column":3}}},"7":{"name":"(anonymous_7)","decl":{"start":{"line":64,"column":17},"end":{"line":64,"column":17}},"loc":{"start":{"line":64,"column":46},"end":{"line":77,"column":5}}},"8":{"name":"(anonymous_8)","decl":{"start":{"line":79,"column":44},"end":{"line":null,"column":-1}},"loc":{"start":{"line":79,"column":44},"end":{"line":85,"column":5}}},"9":{"name":"(anonymous_9)","decl":{"start":{"line":89,"column":48},"end":{"line":89,"column":48}},"loc":{"start":{"line":89,"column":55},"end":{"line":91,"column":5}}},"10":{"name":"drag","decl":{"start":{"line":97,"column":0},"end":{"line":97,"column":20}},"loc":{"start":{"line":97,"column":27},"end":{"line":99,"column":1}}}},"branchMap":{"0":{"loc":{"start":{"line":13,"column":4},"end":{"line":15,"column":5}},"type":"if","locations":[{"start":{"line":13,"column":4},"end":{"line":15,"column":5}},{"start":{"line":13,"column":4},"end":{"line":15,"column":5}}]},"1":{"loc":{"start":{"line":17,"column":4},"end":{"line":22,"column":5}},"type":"if","locations":[{"start":{"line":17,"column":4},"end":{"line":22,"column":5}},{"start":{"line":17,"column":4},"end":{"line":22,"column":5}}]},"2":{"loc":{"start":{"line":17,"column":8},"end":{"line":17,"column":25}},"type":"binary-expr","locations":[{"start":{"line":17,"column":8},"end":{"line":17,"column":25}},{"start":{"line":17,"column":29},"end":{"line":17,"column":90}},{"start":{"line":18,"column":29},"end":{"line":18,"column":90}},{"start":{"line":19,"column":29},"end":{"line":19,"column":90}}]},"3":{"loc":{"start":{"line":24,"column":4},"end":{"line":26,"column":5}},"type":"if","locations":[{"start":{"line":24,"column":4},"end":{"line":26,"column":5}},{"start":{"line":24,"column":4},"end":{"line":26,"column":5}}]},"4":{"loc":{"start":{"line":28,"column":4},"end":{"line":30,"column":5}},"type":"if","locations":[{"start":{"line":28,"column":4},"end":{"line":30,"column":5}},{"start":{"line":28,"column":4},"end":{"line":30,"column":5}}]},"5":{"loc":{"start":{"line":32,"column":4},"end":{"line":34,"column":5}},"type":"if","locations":[{"start":{"line":32,"column":4},"end":{"line":34,"column":5}},{"start":{"line":32,"column":4},"end":{"line":34,"column":5}}]},"6":{"loc":{"start":{"line":45,"column":4},"end":{"line":47,"column":5}},"type":"if","locations":[{"start":{"line":45,"column":4},"end":{"line":47,"column":5}},{"start":{"line":45,"column":4},"end":{"line":47,"column":5}}]}},"s":{"0":2,"1":9,"2":9,"3":9,"4":2,"5":47,"6":1,"7":46,"8":1,"9":45,"10":11,"11":34,"12":1,"13":33,"14":33,"15":2,"16":0,"17":0,"18":0,"19":2,"20":0,"21":0,"22":2,"23":4,"24":4,"25":18,"26":4,"27":2,"28":3,"29":3,"30":3,"31":3,"32":13,"33":13,"34":13,"35":13,"36":13,"37":13,"38":13,"39":13,"40":13,"41":3,"42":0,"43":0,"44":0,"45":3,"46":3,"47":0,"48":3,"49":2,"50":2,"51":0,"52":2},"f":{"0":2,"1":9,"2":47,"3":0,"4":0,"5":4,"6":3,"7":13,"8":0,"9":0,"10":0},"b":{"0":[1,46],"1":[1,45],"2":[46,12,7,4],"3":[11,34],"4":[1,33],"5":[33,0],"6":[0,0]}}
,"/home/developer/Odin_project/Javascript/Battleship/src/ships.ts": {"path":"/home/developer/Odin_project/Javascript/Battleship/src/ships.ts","statementMap":{"0":{"start":{"line":1,"column":0},"end":{"line":1,"column":29}},"1":{"start":{"line":3,"column":0},"end":{"line":15,"column":1}},"2":{"start":{"line":4,"column":15},"end":{"line":4,"column":42}},"3":{"start":{"line":5,"column":15},"end":{"line":5,"column":45}},"4":{"start":{"line":6,"column":15},"end":{"line":6,"column":45}},"5":{"start":{"line":7,"column":15},"end":{"line":7,"column":46}},"6":{"start":{"line":8,"column":15},"end":{"line":8,"column":43}},"7":{"start":{"line":10,"column":2},"end":{"line":10,"column":23}},"8":{"start":{"line":11,"column":2},"end":{"line":11,"column":26}},"9":{"start":{"line":12,"column":2},"end":{"line":12,"column":25}},"10":{"start":{"line":13,"column":2},"end":{"line":13,"column":25}},"11":{"start":{"line":14,"column":2},"end":{"line":14,"column":22}}},"fnMap":{"0":{"name":"(anonymous_0)","decl":{"start":{"line":3,"column":0},"end":{"line":3,"column":13}},"loc":{"start":{"line":3,"column":19},"end":{"line":15,"column":1}}}},"branchMap":{"0":{"loc":{"start":{"line":3,"column":14},"end":{"line":3,"column":19}},"type":"binary-expr","locations":[{"start":{"line":3,"column":14},"end":{"line":3,"column":19}},{"start":{"line":3,"column":14},"end":{"line":3,"column":19}}]}},"s":{"0":1,"1":1,"2":1,"3":1,"4":1,"5":1,"6":1,"7":1,"8":1,"9":1,"10":1,"11":1},"f":{"0":1},"b":{"0":[1,1]}}
}
