TN:
SF:/home/developer/Odin_project/Javascript/Battleship/src/gameboard.ts
FN:4,(anonymous_1)
FN:5,(anonymous_3)
FN:19,(anonymous_4)
FN:23,(anonymous_5)
FN:26,(anonymous_6)
FN:30,(anonymous_7)
FN:34,(anonymous_8)
FN:38,(anonymous_9)
FN:42,(anonymous_10)
FN:59,(anonymous_11)
FN:65,(anonymous_12)
FN:91,allowDrop
FN:95,drop
FN:140,drag
FN:144,change_direction
FN:175,check_collision
FN:197,preventOutOfBounds
FN:217,illegalPlacement
FN:239,unFocus
FNF:19
FNH:4
FNDA:4,(anonymous_1)
FNDA:2,(anonymous_3)
FNDA:1,(anonymous_4)
FNDA:100,(anonymous_5)
FNDA:0,(anonymous_6)
FNDA:0,(anonymous_7)
FNDA:0,(anonymous_8)
FNDA:0,(anonymous_9)
FNDA:0,(anonymous_10)
FNDA:0,(anonymous_11)
FNDA:0,(anonymous_12)
FNDA:0,allowDrop
FNDA:0,drop
FNDA:0,drag
FNDA:0,change_direction
FNDA:0,check_collision
FNDA:0,preventOutOfBounds
FNDA:0,illegalPlacement
FNDA:0,unFocus
DA:2,1
DA:4,1
DA:5,1
DA:6,2
DA:10,2
DA:11,20
DA:12,200
DA:16,2
DA:19,1
DA:20,1
DA:21,1
DA:23,1
DA:24,100
DA:26,100
DA:27,0
DA:30,100
DA:31,0
DA:34,100
DA:35,0
DA:38,100
DA:39,0
DA:42,100
DA:43,0
DA:46,100
DA:47,100
DA:48,100
DA:50,100
DA:53,1
DA:54,1
DA:56,1
DA:59,1
DA:60,0
DA:62,0
DA:65,1
DA:66,0
DA:68,0
DA:71,0
DA:72,0
DA:75,0
DA:76,0
DA:77,0
DA:79,0
DA:80,0
DA:82,0
DA:86,0
DA:89,1
DA:91,1
DA:92,0
DA:95,1
DA:96,0
DA:97,0
DA:98,0
DA:99,0
DA:100,0
DA:101,0
DA:102,0
DA:107,0
DA:108,0
DA:109,0
DA:110,0
DA:112,0
DA:113,0
DA:114,0
DA:117,0
DA:118,0
DA:119,0
DA:120,0
DA:122,0
DA:127,0
DA:128,0
DA:129,0
DA:131,0
DA:137,0
DA:140,1
DA:141,0
DA:144,1
DA:145,0
DA:146,0
DA:147,0
DA:148,0
DA:150,0
DA:151,0
DA:152,0
DA:153,0
DA:155,0
DA:157,0
DA:162,0
DA:163,0
DA:164,0
DA:166,0
DA:168,0
DA:175,1
DA:176,0
DA:177,0
DA:178,0
DA:179,0
DA:181,0
DA:182,0
DA:183,0
DA:186,0
DA:187,0
DA:189,0
DA:190,0
DA:191,0
DA:197,1
DA:198,0
DA:199,0
DA:200,0
DA:201,0
DA:203,0
DA:204,0
DA:207,0
DA:208,0
DA:210,0
DA:211,0
DA:217,1
DA:218,0
DA:219,0
DA:220,0
DA:221,0
DA:223,0
DA:224,0
DA:225,0
DA:228,0
DA:229,0
DA:231,0
DA:232,0
DA:233,0
DA:239,1
DA:240,0
DA:241,0
DA:243,0
LF:132
LH:36
BRDA:71,0,0,0
BRDA:71,0,1,0
BRDA:75,1,0,0
BRDA:75,1,1,0
BRDA:107,2,0,0
BRDA:107,2,1,0
BRDA:117,3,0,0
BRDA:117,3,1,0
BRDA:118,4,0,0
BRDA:118,4,1,0
BRDA:118,5,0,0
BRDA:118,5,1,0
BRDA:127,6,0,0
BRDA:127,6,1,0
BRDA:127,7,0,0
BRDA:127,7,1,0
BRDA:150,8,0,0
BRDA:150,8,1,0
BRDA:151,9,0,0
BRDA:151,9,1,0
BRDA:151,10,0,0
BRDA:151,10,1,0
BRDA:162,11,0,0
BRDA:162,11,1,0
BRDA:162,12,0,0
BRDA:162,12,1,0
BRDA:177,13,0,0
BRDA:177,13,1,0
BRDA:181,14,0,0
BRDA:181,14,1,0
BRDA:189,15,0,0
BRDA:189,15,1,0
BRDA:199,16,0,0
BRDA:199,16,1,0
BRDA:203,17,0,0
BRDA:203,17,1,0
BRDA:210,18,0,0
BRDA:210,18,1,0
BRDA:219,19,0,0
BRDA:219,19,1,0
BRDA:223,20,0,0
BRDA:223,20,1,0
BRDA:231,21,0,0
BRDA:231,21,1,0
BRDA:240,22,0,0
BRDA:240,22,1,0
BRF:46
BRH:0
end_of_record
TN:
SF:/home/developer/Odin_project/Javascript/Battleship/src/ship.ts
FN:1,(anonymous_0)
FN:6,Ship
FN:12,(anonymous_2)
FN:37,(anonymous_3)
FN:44,(anonymous_4)
FN:50,(anonymous_5)
FN:60,(anonymous_6)
FN:64,(anonymous_7)
FN:79,(anonymous_8)
FN:89,(anonymous_9)
FN:97,drag
FNF:11
FNH:6
FNDA:2,(anonymous_0)
FNDA:9,Ship
FNDA:47,(anonymous_2)
FNDA:0,(anonymous_3)
FNDA:0,(anonymous_4)
FNDA:4,(anonymous_5)
FNDA:3,(anonymous_6)
FNDA:13,(anonymous_7)
FNDA:0,(anonymous_8)
FNDA:0,(anonymous_9)
FNDA:0,drag
DA:1,2
DA:7,9
DA:8,9
DA:9,9
DA:12,2
DA:13,47
DA:14,1
DA:17,46
DA:21,1
DA:24,45
DA:25,11
DA:28,34
DA:29,1
DA:32,33
DA:33,33
DA:37,2
DA:38,0
DA:40,0
DA:41,0
DA:44,2
DA:45,0
DA:46,0
DA:50,2
DA:51,4
DA:53,4
DA:54,18
DA:57,4
DA:60,3
DA:61,3
DA:62,3
DA:64,3
DA:65,13
DA:67,13
DA:68,13
DA:69,13
DA:70,13
DA:72,13
DA:73,13
DA:74,13
DA:76,13
DA:79,3
DA:80,0
DA:82,0
DA:83,0
DA:87,3
DA:89,3
DA:90,0
DA:93,3
DA:95,2
DA:97,2
DA:98,0
LF:51
LH:41
BRDA:13,0,0,1
BRDA:13,0,1,46
BRDA:17,1,0,1
BRDA:17,1,1,45
BRDA:17,2,0,46
BRDA:17,2,1,12
BRDA:17,2,2,7
BRDA:17,2,3,4
BRDA:24,3,0,11
BRDA:24,3,1,34
BRDA:28,4,0,1
BRDA:28,4,1,33
BRDA:32,5,0,33
BRDA:32,5,1,0
BRDA:45,6,0,0
BRDA:45,6,1,0
BRF:16
BRH:13
end_of_record
TN:
SF:/home/developer/Odin_project/Javascript/Battleship/src/ships.ts
FN:3,(anonymous_0)
FNF:1
FNH:1
FNDA:1,(anonymous_0)
DA:1,1
DA:3,1
DA:4,1
DA:5,1
DA:6,1
DA:7,1
DA:8,1
DA:10,1
DA:11,1
DA:12,1
DA:13,1
DA:14,1
LF:12
LH:12
BRDA:3,0,0,1
BRDA:3,0,1,1
BRF:2
BRH:2
end_of_record
